<?xml version="1.0" encoding="UTF-8"?>
<testng-results ignored="0" total="1" passed="1" failed="0" skipped="0">
  <reporter-output>
  </reporter-output>
  <suite started-at="2023-03-27T22:34:00 BDT" name="testcases.TestCase1" finished-at="2023-03-27T22:34:06 BDT" duration-ms="5823">
    <groups>
    </groups>
    <test started-at="2023-03-27T22:34:00 BDT" name="Command line test" finished-at="2023-03-27T22:34:06 BDT" duration-ms="5823">
      <class name="testcases.TestCase1">
        <test-method signature="practice1()[pri:0, instance:testcases.TestCase1@6a396c1e]" started-at="2023-03-27T22:34:00 BDT" name="practice1" finished-at="2023-03-27T22:34:06 BDT" duration-ms="5795" status="PASS">
          <reporter-output>
          </reporter-output>
        </test-method> <!-- practice1 -->
      </class> <!-- testcases.TestCase1 -->
    </test> <!-- Command line test -->
  </suite> <!-- testcases.TestCase1 -->
</testng-results>
