<?xml version="1.0" encoding="UTF-8"?>
<testng-results ignored="0" total="1" passed="1" failed="0" skipped="0">
  <reporter-output>
  </reporter-output>
  <suite started-at="2023-03-27T21:38:33 BDT" name="Rounak Suite" finished-at="2023-03-27T21:38:42 BDT" duration-ms="8790">
    <groups>
    </groups>
    <test started-at="2023-03-27T21:38:33 BDT" name="Rounak Test" finished-at="2023-03-27T21:38:42 BDT" duration-ms="8790">
      <class name="testcases.TestCase1">
        <test-method signature="practice1()[pri:0, instance:testcases.TestCase1@61230f6a]" started-at="2023-03-27T21:38:33 BDT" name="practice1" finished-at="2023-03-27T21:38:42 BDT" duration-ms="8763" status="PASS">
          <reporter-output>
          </reporter-output>
        </test-method> <!-- practice1 -->
      </class> <!-- testcases.TestCase1 -->
    </test> <!-- Rounak Test -->
  </suite> <!-- Rounak Suite -->
</testng-results>
